<?xml version="1.0" encoding="UTF-8"?>
<testng-results skipped="0" failed="0" ignored="0" total="4" passed="4">
  <reporter-output>
  </reporter-output>
  <suite name="Account Tests" duration-ms="55459" started-at="2021-08-05T11:28:53 CST" finished-at="2021-08-05T11:29:49 CST">
    <groups>
    </groups>
    <test name="Login Tests - Chrome" duration-ms="11880" started-at="2021-08-05T11:28:53 CST" finished-at="2021-08-05T11:29:05 CST">
      <class name="TestAccount">
        <test-method status="PASS" signature="beforeTest()[pri:0, instance:TestAccount@4204541c]" name="beforeTest" is-config="true" duration-ms="18" started-at="2021-08-05T11:28:53 CST" finished-at="2021-08-05T11:28:53 CST">
          <reporter-output>
          </reporter-output>
        </test-method> <!-- beforeTest -->
        <test-method status="PASS" signature="beforeMethod(java.lang.String)[pri:0, instance:TestAccount@4204541c]" name="beforeMethod" is-config="true" duration-ms="3880" started-at="2021-08-05T11:28:53 CST" finished-at="2021-08-05T11:28:57 CST">
          <params>
            <param index="0">
              <value>
                <![CDATA[chrome]]>
              </value>
            </param>
          </params>
          <reporter-output>
          </reporter-output>
        </test-method> <!-- beforeMethod -->
        <test-method status="PASS" signature="Test_Login_Successful()[pri:0, instance:TestAccount@4204541c]" name="Test_Login_Successful" duration-ms="1709" started-at="2021-08-05T11:28:57 CST" description="Test Login Success" finished-at="2021-08-05T11:28:59 CST">
          <reporter-output>
          </reporter-output>
        </test-method> <!-- Test_Login_Successful -->
        <test-method status="PASS" signature="AfterMethod()[pri:0, instance:TestAccount@4204541c]" name="AfterMethod" is-config="true" duration-ms="841" started-at="2021-08-05T11:28:59 CST" finished-at="2021-08-05T11:29:00 CST">
          <reporter-output>
          </reporter-output>
        </test-method> <!-- AfterMethod -->
        <test-method status="PASS" signature="beforeMethod(java.lang.String)[pri:0, instance:TestAccount@4204541c]" name="beforeMethod" is-config="true" duration-ms="3127" started-at="2021-08-05T11:29:00 CST" finished-at="2021-08-05T11:29:03 CST">
          <params>
            <param index="0">
              <value>
                <![CDATA[chrome]]>
              </value>
            </param>
          </params>
          <reporter-output>
          </reporter-output>
        </test-method> <!-- beforeMethod -->
        <test-method status="PASS" signature="Test_Login_Unsuccessful()[pri:0, instance:TestAccount@4204541c]" name="Test_Login_Unsuccessful" duration-ms="1326" started-at="2021-08-05T11:29:03 CST" description="Test Login Not Success" finished-at="2021-08-05T11:29:04 CST">
          <reporter-output>
          </reporter-output>
        </test-method> <!-- Test_Login_Unsuccessful -->
        <test-method status="PASS" signature="AfterMethod()[pri:0, instance:TestAccount@4204541c]" name="AfterMethod" is-config="true" duration-ms="830" started-at="2021-08-05T11:29:04 CST" finished-at="2021-08-05T11:29:05 CST">
          <reporter-output>
          </reporter-output>
        </test-method> <!-- AfterMethod -->
        <test-method status="PASS" signature="AfterTest()[pri:0, instance:TestAccount@4204541c]" name="AfterTest" is-config="true" duration-ms="0" started-at="2021-08-05T11:29:05 CST" finished-at="2021-08-05T11:29:05 CST">
          <reporter-output>
          </reporter-output>
        </test-method> <!-- AfterTest -->
      </class> <!-- TestAccount -->
    </test> <!-- Login Tests - Chrome -->
    <test name="Search Tests - Firefox" duration-ms="43559" started-at="2021-08-05T11:29:05 CST" finished-at="2021-08-05T11:29:49 CST">
      <class name="TestSearch">
        <test-method status="PASS" signature="beforeTest()[pri:0, instance:TestSearch@3954d008]" name="beforeTest" is-config="true" duration-ms="0" started-at="2021-08-05T11:29:05 CST" finished-at="2021-08-05T11:29:05 CST">
          <reporter-output>
          </reporter-output>
        </test-method> <!-- beforeTest -->
        <test-method status="PASS" signature="beforeMethod(java.lang.String)[pri:0, instance:TestSearch@3954d008]" name="beforeMethod" is-config="true" duration-ms="5456" started-at="2021-08-05T11:29:05 CST" finished-at="2021-08-05T11:29:11 CST">
          <params>
            <param index="0">
              <value>
                <![CDATA[firefox]]>
              </value>
            </param>
          </params>
          <reporter-output>
          </reporter-output>
        </test-method> <!-- beforeMethod -->
        <test-method status="PASS" signature="Test_Empty_Results()[pri:0, instance:TestSearch@3954d008]" name="Test_Empty_Results" duration-ms="30513" started-at="2021-08-05T11:29:11 CST" finished-at="2021-08-05T11:29:41 CST">
          <reporter-output>
          </reporter-output>
        </test-method> <!-- Test_Empty_Results -->
        <test-method status="PASS" signature="AfterMethod()[pri:0, instance:TestSearch@3954d008]" name="AfterMethod" is-config="true" duration-ms="665" started-at="2021-08-05T11:29:41 CST" finished-at="2021-08-05T11:29:42 CST">
          <reporter-output>
          </reporter-output>
        </test-method> <!-- AfterMethod -->
        <test-method status="PASS" signature="beforeMethod(java.lang.String)[pri:0, instance:TestSearch@3954d008]" name="beforeMethod" is-config="true" duration-ms="5464" started-at="2021-08-05T11:29:42 CST" finished-at="2021-08-05T11:29:47 CST">
          <params>
            <param index="0">
              <value>
                <![CDATA[firefox]]>
              </value>
            </param>
          </params>
          <reporter-output>
          </reporter-output>
        </test-method> <!-- beforeMethod -->
        <test-method status="PASS" signature="Validate_Search(java.lang.String, java.lang.String)[pri:0, instance:TestSearch@3954d008]" name="Validate_Search" duration-ms="767" started-at="2021-08-05T11:29:47 CST" finished-at="2021-08-05T11:29:48 CST">
          <params>
            <param index="0">
              <value>
                <![CDATA[iphone]]>
              </value>
            </param>
            <param index="1">
              <value>
                <![CDATA[1]]>
              </value>
            </param>
          </params>
          <reporter-output>
          </reporter-output>
        </test-method> <!-- Validate_Search -->
        <test-method status="PASS" signature="AfterMethod()[pri:0, instance:TestSearch@3954d008]" name="AfterMethod" is-config="true" duration-ms="688" started-at="2021-08-05T11:29:48 CST" finished-at="2021-08-05T11:29:49 CST">
          <reporter-output>
          </reporter-output>
        </test-method> <!-- AfterMethod -->
        <test-method status="PASS" signature="AfterTest()[pri:0, instance:TestSearch@3954d008]" name="AfterTest" is-config="true" duration-ms="0" started-at="2021-08-05T11:29:49 CST" finished-at="2021-08-05T11:29:49 CST">
          <reporter-output>
          </reporter-output>
        </test-method> <!-- AfterTest -->
      </class> <!-- TestSearch -->
    </test> <!-- Search Tests - Firefox -->
  </suite> <!-- Account Tests -->
</testng-results>
