<?xml version="1.0" encoding="UTF-8"?>
<testsuite xmlns:xsi="http://www.w3.org/2001/XMLSchema-instance" xsi:noNamespaceSchemaLocation="https://maven.apache.org/surefire/maven-surefire-plugin/xsd/surefire-test-report.xsd" name="TestSuite" time="36.928" tests="4" errors="0" skipped="0" failures="2">
  <properties>
[...]
</properties>
  <testcase name="Test_Login_Successful" classname="TestAccount" time="1.737"/>
  <testcase name="Test_Login_Unsuccessful" classname="TestAccount" time="1.39"/>
  <testcase name="Test_Empty_Results" classname="TestSearch" time="0.101">
    <failure message="Expecting 0 results, but got 4 expected [0] but found [4]" type="java.lang.AssertionError">java.lang.AssertionError: Expecting 0 results, but got 4 expected [0] but found [4]
	at TestSearch.Test_Empty_Results(TestSearch.java:42)
</failure>
    <system-err><![CDATA[1628183378058	geckodriver	INFO	Listening on 127.0.0.1:37146
1628183378541	mozrunner::runner	INFO	Running command: "C:\\Program Files\\Mozilla Firefox\\firefox.exe" "--marionette" "-foreground" "-no-remote" "-profile" "C:\\Users\\marie\\AppData\\Local\\Temp\\rust_mozprofileGwmvoL"
1628183379030	Marionette	INFO	Marionette enabled
console.warn: SearchSettings: "get: No settings file exists, new profile?" (new NotFoundError("Could not open the file at C:\\Users\\marie\\AppData\\Local\\Temp\\rust_mozprofileGwmvoL\\search.json.mozlz4", (void 0)))
1628183382876	Marionette	INFO	Listening on port 62103
1628183383358	Marionette	WARN	TLS certificate errors will be ignored for this session
Aug 05, 2021 11:09:43 AM org.openqa.selenium.remote.ProtocolHandshake createSession
INFO: Detected dialect: W3C
JavaScript error: resource://gre/actors/AutoCompleteChild.jsm, line 125: Error: Invalid autocomplete selectedIndex
]]></system-err>
  </testcase>
  <testcase name="Validate_Search" classname="TestSearch" time="0.046">
    <failure message="did not expect to find [true] but found [false]" type="java.lang.AssertionError">java.lang.AssertionError: did not expect to find [true] but found [false]
	at TestSearch.Validate_Search(TestSearch.java:20)
</failure>
    <system-out><![CDATA[El browser ya estaba cerrado
]]></system-out>
    <system-err><![CDATA[1628183385761	Marionette	INFO	Stopped listening on port 62103
1628183386600	geckodriver	INFO	Listening on 127.0.0.1:28659
1628183387104	mozrunner::runner	INFO	Running command: "C:\\Program Files\\Mozilla Firefox\\firefox.exe" "--marionette" "-foreground" "-no-remote" "-profile" "C:\\Users\\marie\\AppData\\Local\\Temp\\rust_mozprofilez9aDFv"
1628183387514	Marionette	INFO	Marionette enabled
console.warn: SearchSettings: "get: No settings file exists, new profile?" (new NotFoundError("Could not open the file at C:\\Users\\marie\\AppData\\Local\\Temp\\rust_mozprofilez9aDFv\\search.json.mozlz4", (void 0)))
1628183390912	Marionette	INFO	Listening on port 50359
1628183392025	Marionette	WARN	TLS certificate errors will be ignored for this session
Aug 05, 2021 11:09:52 AM org.openqa.selenium.remote.ProtocolHandshake createSession
INFO: Detected dialect: W3C
JavaScript error: resource://gre/actors/AutoCompleteChild.jsm, line 125: Error: Invalid autocomplete selectedIndex
]]></system-err>
  </testcase>
</testsuite>