<?xml version="1.0" encoding="UTF-8"?>
<testng-results skipped="0" failed="0" ignored="2" total="5" passed="3">
  <reporter-output>
  </reporter-output>
  <suite name="Search Tests" duration-ms="17558" started-at="2021-08-13T10:19:33 CST" finished-at="2021-08-13T10:19:51 CST">
    <groups>
    </groups>
    <test name="Search Tests - Chrome" duration-ms="17558" started-at="2021-08-13T10:19:33 CST" finished-at="2021-08-13T10:19:51 CST">
      <class name="selenium.TestSearch">
        <test-method status="PASS" signature="beforeMethod(java.lang.String)[pri:0, instance:selenium.TestSearch@4f936da8]" name="beforeMethod" is-config="true" duration-ms="6018" started-at="2021-08-13T10:19:34 CST" finished-at="2021-08-13T10:19:40 CST">
          <params>
            <param index="0">
              <value>
                <![CDATA[chrome]]>
              </value>
            </param>
          </params>
          <reporter-output>
          </reporter-output>
        </test-method> <!-- beforeMethod -->
        <test-method status="PASS" signature="Test_Search_WithData(pojo.SearchData)[pri:0, instance:selenium.TestSearch@4f936da8]" name="Test_Search_WithData" duration-ms="824" started-at="2021-08-13T10:19:40 CST" data-provider="getSearchDataFromJson" finished-at="2021-08-13T10:19:41 CST">
          <params>
            <param index="0">
              <value>
                <![CDATA[pojo.SearchData@7ccd611e]]>
              </value>
            </param>
          </params>
          <reporter-output>
          </reporter-output>
        </test-method> <!-- Test_Search_WithData -->
        <test-method status="PASS" signature="AfterMethod()[pri:0, instance:selenium.TestSearch@4f936da8]" name="AfterMethod" is-config="true" duration-ms="905" started-at="2021-08-13T10:19:41 CST" finished-at="2021-08-13T10:19:41 CST">
          <reporter-output>
          </reporter-output>
        </test-method> <!-- AfterMethod -->
        <test-method status="PASS" signature="beforeMethod(java.lang.String)[pri:0, instance:selenium.TestSearch@4f936da8]" name="beforeMethod" is-config="true" duration-ms="3388" started-at="2021-08-13T10:19:41 CST" finished-at="2021-08-13T10:19:45 CST">
          <params>
            <param index="0">
              <value>
                <![CDATA[chrome]]>
              </value>
            </param>
          </params>
          <reporter-output>
          </reporter-output>
        </test-method> <!-- beforeMethod -->
        <test-method status="PASS" signature="Test_Search_WithData(pojo.SearchData)[pri:0, instance:selenium.TestSearch@4f936da8]" name="Test_Search_WithData" duration-ms="664" started-at="2021-08-13T10:19:45 CST" data-provider="getSearchDataFromJson" finished-at="2021-08-13T10:19:46 CST">
          <params>
            <param index="0">
              <value>
                <![CDATA[pojo.SearchData@615439f7]]>
              </value>
            </param>
          </params>
          <reporter-output>
          </reporter-output>
        </test-method> <!-- Test_Search_WithData -->
        <test-method status="PASS" signature="AfterMethod()[pri:0, instance:selenium.TestSearch@4f936da8]" name="AfterMethod" is-config="true" duration-ms="803" started-at="2021-08-13T10:19:46 CST" finished-at="2021-08-13T10:19:46 CST">
          <reporter-output>
          </reporter-output>
        </test-method> <!-- AfterMethod -->
        <test-method status="PASS" signature="beforeMethod(java.lang.String)[pri:0, instance:selenium.TestSearch@4f936da8]" name="beforeMethod" is-config="true" duration-ms="3072" started-at="2021-08-13T10:19:46 CST" finished-at="2021-08-13T10:19:49 CST">
          <params>
            <param index="0">
              <value>
                <![CDATA[chrome]]>
              </value>
            </param>
          </params>
          <reporter-output>
          </reporter-output>
        </test-method> <!-- beforeMethod -->
        <test-method status="PASS" signature="Test_Search_WithData(pojo.SearchData)[pri:0, instance:selenium.TestSearch@4f936da8]" name="Test_Search_WithData" duration-ms="776" started-at="2021-08-13T10:19:49 CST" data-provider="getSearchDataFromJson" finished-at="2021-08-13T10:19:50 CST">
          <params>
            <param index="0">
              <value>
                <![CDATA[pojo.SearchData@6cdbe5ec]]>
              </value>
            </param>
          </params>
          <reporter-output>
          </reporter-output>
        </test-method> <!-- Test_Search_WithData -->
        <test-method status="PASS" signature="AfterMethod()[pri:0, instance:selenium.TestSearch@4f936da8]" name="AfterMethod" is-config="true" duration-ms="822" started-at="2021-08-13T10:19:50 CST" finished-at="2021-08-13T10:19:51 CST">
          <reporter-output>
          </reporter-output>
        </test-method> <!-- AfterMethod -->
      </class> <!-- selenium.TestSearch -->
    </test> <!-- Search Tests - Chrome -->
  </suite> <!-- Search Tests -->
</testng-results>
