<?xml version="1.0" encoding="UTF-8"?>
<!-- Generated by org.testng.reporters.JUnitXMLReporter -->
<testsuite hostname="LAPTOP-JJOBRPIE" ignored="2" name="Search Tests - Chrome" tests="3" failures="0" timestamp="2021-08-13T10:19:51 CST" time="17.558" errors="0">
  <testcase name="Test_Search_WithData" time="0.824" classname="selenium.TestSearch"/>
  <testcase name="Test_Search_WithData" time="0.664" classname="selenium.TestSearch"/>
  <testcase name="Test_Search_WithData" time="0.776" classname="selenium.TestSearch"/>
  <testcase name="Validate_Search" time="0.0" classname="selenium.TestSearch">
    <ignored/>
  </testcase> <!-- Validate_Search -->
  <testcase name="Test_Empty_Results" time="0.0" classname="selenium.TestSearch">
    <ignored/>
  </testcase> <!-- Test_Empty_Results -->
</testsuite> <!-- Search Tests - Chrome -->
